c:\users\renjie\desktop\script\debug\script.bsc
c:\users\renjie\desktop\script\debug\vc120.pdb
c:\users\renjie\desktop\script\debug\vc120.idb
c:\users\renjie\desktop\script\debug\main.sbr
c:\users\renjie\desktop\script\debug\main.obj
c:\users\renjie\desktop\script\debug\script.ilk
c:\users\renjie\desktop\script\debug\script.exe
c:\users\renjie\desktop\script\debug\script.pdb
c:\users\renjie\desktop\script\debug\vc60.idb
c:\users\renjie\desktop\script\debug\vc60.pdb
c:\users\renjie\desktop\script\.\debug\script.exe
c:\users\renjie\desktop\script\debug\script.tlog\bscmake.command.1.tlog
c:\users\renjie\desktop\script\debug\script.tlog\bscmake.read.1.tlog
c:\users\renjie\desktop\script\debug\script.tlog\bscmake.write.1.tlog
c:\users\renjie\desktop\script\debug\script.tlog\cl.command.1.tlog
c:\users\renjie\desktop\script\debug\script.tlog\cl.read.1.tlog
c:\users\renjie\desktop\script\debug\script.tlog\cl.write.1.tlog
c:\users\renjie\desktop\script\debug\script.tlog\link.command.1.tlog
c:\users\renjie\desktop\script\debug\script.tlog\link.read.1.tlog
c:\users\renjie\desktop\script\debug\script.tlog\link.write.1.tlog
